Determining if the pthread_create exist failed with the following output:
Change Dir: /home/baruch/Documentos/Robotica/Rviz/build/CMakeFiles/CMakeTmp

Run Build Command:"/usr/bin/make" "cmTC_d3429/fast"
/usr/bin/make -f CMakeFiles/cmTC_d3429.dir/build.make CMakeFiles/cmTC_d3429.dir/build
make[1]: se entra en el directorio '/home/baruch/Documentos/Robotica/Rviz/build/CMakeFiles/CMakeTmp'
Building C object CMakeFiles/cmTC_d3429.dir/CheckSymbolExists.c.o
/usr/bin/cc    -o CMakeFiles/cmTC_d3429.dir/CheckSymbolExists.c.o   -c /home/baruch/Documentos/Robotica/Rviz/build/CMakeFiles/CMakeTmp/CheckSymbolExists.c
Linking C executable cmTC_d3429
/usr/bin/cmake -E cmake_link_script CMakeFiles/cmTC_d3429.dir/link.txt --verbose=1
/usr/bin/cc      -rdynamic CMakeFiles/cmTC_d3429.dir/CheckSymbolExists.c.o  -o cmTC_d3429 
CMakeFiles/cmTC_d3429.dir/CheckSymbolExists.c.o: En la función `main':
CheckSymbolExists.c:(.text+0x1b): referencia a `pthread_create' sin definir
collect2: error: ld returned 1 exit status
CMakeFiles/cmTC_d3429.dir/build.make:97: recipe for target 'cmTC_d3429' failed
make[1]: *** [cmTC_d3429] Error 1
make[1]: se sale del directorio '/home/baruch/Documentos/Robotica/Rviz/build/CMakeFiles/CMakeTmp'
Makefile:126: recipe for target 'cmTC_d3429/fast' failed
make: *** [cmTC_d3429/fast] Error 2

File /home/baruch/Documentos/Robotica/Rviz/build/CMakeFiles/CMakeTmp/CheckSymbolExists.c:
/* */
#include <pthread.h>

int main(int argc, char** argv)
{
  (void)argv;
#ifndef pthread_create
  return ((int*)(&pthread_create))[argc];
#else
  (void)argc;
  return 0;
#endif
}

Determining if the function pthread_create exists in the pthreads failed with the following output:
Change Dir: /home/baruch/Documentos/Robotica/Rviz/build/CMakeFiles/CMakeTmp

Run Build Command:"/usr/bin/make" "cmTC_b5bc2/fast"
/usr/bin/make -f CMakeFiles/cmTC_b5bc2.dir/build.make CMakeFiles/cmTC_b5bc2.dir/build
make[1]: se entra en el directorio '/home/baruch/Documentos/Robotica/Rviz/build/CMakeFiles/CMakeTmp'
Building C object CMakeFiles/cmTC_b5bc2.dir/CheckFunctionExists.c.o
/usr/bin/cc   -DCHECK_FUNCTION_EXISTS=pthread_create   -o CMakeFiles/cmTC_b5bc2.dir/CheckFunctionExists.c.o   -c /usr/share/cmake-3.10/Modules/CheckFunctionExists.c
Linking C executable cmTC_b5bc2
/usr/bin/cmake -E cmake_link_script CMakeFiles/cmTC_b5bc2.dir/link.txt --verbose=1
/usr/bin/cc  -DCHECK_FUNCTION_EXISTS=pthread_create    -rdynamic CMakeFiles/cmTC_b5bc2.dir/CheckFunctionExists.c.o  -o cmTC_b5bc2 -lpthreads 
/usr/bin/ld: no se puede encontrar -lpthreads
collect2: error: ld returned 1 exit status
CMakeFiles/cmTC_b5bc2.dir/build.make:97: recipe for target 'cmTC_b5bc2' failed
make[1]: *** [cmTC_b5bc2] Error 1
make[1]: se sale del directorio '/home/baruch/Documentos/Robotica/Rviz/build/CMakeFiles/CMakeTmp'
Makefile:126: recipe for target 'cmTC_b5bc2/fast' failed
make: *** [cmTC_b5bc2/fast] Error 2


